<?xml version="1.0" encoding="UTF-8"?>
<!-- Generated by org.testng.reporters.JUnitReportReporter -->
<testsuite hostname="LAPTOP-CR0AC305" failures="0" tests="6" name="test_Classes.TestNG1" time="0.027" errors="0" timestamp="2023-03-09T12:07:46 IST" skipped="3">
  <testcase classname="test_Classes.TestNG1" name="test3" time="0.000">
    <skipped/>
  </testcase> <!-- test3 -->
  <system-out/>
  <testcase classname="test_Classes.TestNG1" name="test3" time="0.004"/>
  <system-out/>
  <testcase classname="test_Classes.TestNG1" name="test2" time="0.000">
    <skipped/>
  </testcase> <!-- test2 -->
  <system-out/>
  <testcase classname="test_Classes.TestNG1" name="test1" time="0.019"/>
  <system-out/>
  <testcase classname="test_Classes.TestNG1" name="test2" time="0.004"/>
  <system-out/>
  <testcase classname="test_Classes.TestNG1" name="test1" time="0.000">
    <skipped/>
  </testcase> <!-- test1 -->
  <system-out/>
</testsuite> <!-- test_Classes.TestNG1 -->
