<?xml version="1.0" encoding="UTF-8"?>
<!-- Generated by org.testng.reporters.JUnitReportReporter -->
<testsuite hostname="LAPTOP-CR0AC305" failures="0" tests="1" name="test_Classes.Home_Admin_TestCases" time="9.859" errors="0" timestamp="2023-03-28T16:46:13 IST" skipped="0">
  <testcase classname="test_Classes.Home_Admin_TestCases" name="verifyAdminTab" time="9.859"/>
  <system-out/>
</testsuite> <!-- test_Classes.Home_Admin_TestCases -->
