<?xml version="1.0" encoding="UTF-8"?>
<!-- Generated by org.testng.reporters.JUnitReportReporter -->
<testsuite hostname="LAPTOP-CR0AC305" failures="0" tests="9" name="test_Classes.TestNG2" time="0.165" errors="0" timestamp="2023-03-10T21:48:34 IST" skipped="0">
  <testcase classname="test_Classes.TestNG2" name="test6" time="0.018"/>
  <system-out/>
  <testcase classname="test_Classes.TestNG2" name="test5" time="0.008"/>
  <system-out/>
  <testcase classname="test_Classes.TestNG2" name="test4" time="0.031"/>
  <system-out/>
  <testcase classname="test_Classes.TestNG2" name="test6" time="0.035"/>
  <system-out/>
  <testcase classname="test_Classes.TestNG2" name="test6" time="0.007"/>
  <system-out/>
  <testcase classname="test_Classes.TestNG2" name="test5" time="0.006"/>
  <system-out/>
  <testcase classname="test_Classes.TestNG2" name="test5" time="0.010"/>
  <system-out/>
  <testcase classname="test_Classes.TestNG2" name="test4" time="0.029"/>
  <system-out/>
  <testcase classname="test_Classes.TestNG2" name="test4" time="0.021"/>
  <system-out/>
</testsuite> <!-- test_Classes.TestNG2 -->
